 ---------------------------------------------------------------------------------------------------------------------------------- 
|                                          Memory leak report for:  11/24/2012 08:47:28                                            |
 ---------------------------------------------------------------------------------------------------------------------------------- 


46 memory leaks found:

Alloc.   Addr       Size       Addr       Size                        BreakOn BreakOn              
Number Reported   Reported    Actual     Actual     Unused    Method  Dealloc Realloc Allocated by 
------ ---------- ---------- ---------- ---------- ---------- -------- ------- ------- --------------------------------------------------- 
020313 0x022600F8 0x00000004 0x022600E8 0x00000024 0x00000000 new         N       N    ??(00000)::??
012901 0x022311B8 0x00000004 0x022311A8 0x00000024 0x00000000 new         N       N    ??(00000)::??
000014 0x02202290 0x00000034 0x02202280 0x00000054 0x00000008 new         N       N    ??(00000)::??
000024 0x02202968 0x00000004 0x02202958 0x00000024 0x00000000 new         N       N    ??(00000)::??
000013 0x022029C8 0x00000034 0x022029B8 0x00000054 0x00000010 new         N       N    ??(00000)::??
000018 0x02202D28 0x00000034 0x02202D18 0x00000054 0x00000008 new         N       N    ??(00000)::??
000022 0x02203018 0x00000034 0x02203008 0x00000054 0x0000000C new         N       N    ??(00000)::??
000030 0x02203420 0x00000034 0x02203410 0x00000054 0x00000004 new         N       N    ??(00000)::??
000034 0x02204DF8 0x00000010 0x02204DE8 0x00000030 0x00000000 new         N       N    shared_count.hpp(00087)::boost::detail::shared_count::shared_cou
004852 0x02204F40 0x00000034 0x02204F30 0x00000054 0x00000008 new         N       N    ??(00000)::??
000038 0x022050B0 0x00000034 0x022050A0 0x00000054 0x00000008 new         N       N    ??(00000)::??
000050 0x022058B8 0x00000034 0x022058A8 0x00000054 0x00000004 new         N       N    ??(00000)::??
001425 0x02205CF0 0x00000004 0x02205CE0 0x00000024 0x00000000 new         N       N    ??(00000)::??
001443 0x02205D50 0x00000004 0x02205D40 0x00000024 0x00000000 new         N       N    ??(00000)::??
001459 0x02205F18 0x00000004 0x02205F08 0x00000024 0x00000000 new         N       N    ??(00000)::??
009374 0x02226168 0x00000004 0x02226158 0x00000024 0x00000000 new         N       N    ??(00000)::??
009391 0x022261C8 0x00000004 0x022261B8 0x00000024 0x00000000 new         N       N    ??(00000)::??
009407 0x02226390 0x00000004 0x02226380 0x00000024 0x00000000 new         N       N    ??(00000)::??
016489 0x02246D40 0x00000004 0x02246D30 0x00000024 0x00000000 new         N       N    ??(00000)::??
016506 0x02246DA0 0x00000004 0x02246D90 0x00000024 0x00000000 new         N       N    ??(00000)::??
016522 0x02246F68 0x00000004 0x02246F58 0x00000024 0x00000000 new         N       N    ??(00000)::??
014670 0x02237208 0x00000004 0x022371F8 0x00000024 0x00000000 new         N       N    ??(00000)::??
014687 0x02237268 0x00000004 0x02237258 0x00000024 0x00000000 new         N       N    ??(00000)::??
014703 0x02237430 0x00000004 0x02237420 0x00000024 0x00000000 new         N       N    ??(00000)::??
007621 0x02217630 0x00000004 0x02217620 0x00000024 0x00000000 new         N       N    ??(00000)::??
007637 0x02217858 0x00000004 0x02217848 0x00000024 0x00000000 new         N       N    ??(00000)::??
001437 0x02207AF8 0x00000034 0x02207AE8 0x00000054 0x00000008 new         N       N    ??(00000)::??
002741 0x02207E58 0x00000004 0x02207E48 0x00000024 0x00000000 new         N       N    ??(00000)::??
002758 0x02207EB8 0x00000004 0x02207EA8 0x00000024 0x00000000 new         N       N    ??(00000)::??
002774 0x022080E8 0x00000004 0x022080D8 0x00000024 0x00000000 new         N       N    ??(00000)::??
007652 0x02219818 0x00000004 0x02219808 0x00000024 0x00000000 new         N       N    ??(00000)::??
001754 0x0220BAF8 0x00000034 0x0220BAE8 0x00000054 0x00000008 new         N       N    ??(00000)::??
026409 0x0227C7E8 0x00000004 0x0227C7D8 0x00000024 0x00000000 new         N       N    ??(00000)::??
026426 0x0227C848 0x00000004 0x0227C838 0x00000024 0x00000000 new         N       N    ??(00000)::??
000001 0x0007C9B0 0x00000034 0x0007C9A0 0x00000054 0x00000024 new         N       N    ??(00000)::??
026442 0x0227CA10 0x00000004 0x0227CA00 0x00000024 0x00000000 new         N       N    ??(00000)::??
005833 0x0220CD10 0x00000004 0x0220CD00 0x00000024 0x00000000 new         N       N    ??(00000)::??
005849 0x0220CF38 0x00000004 0x0220CF28 0x00000024 0x00000000 new         N       N    ??(00000)::??
005864 0x0220D8B8 0x00000004 0x0220D8A8 0x00000024 0x00000000 new         N       N    ??(00000)::??
012870 0x0222EFD0 0x00000004 0x0222EFC0 0x00000024 0x00000000 new         N       N    ??(00000)::??
012886 0x0222F1F8 0x00000004 0x0222F1E8 0x00000024 0x00000000 new         N       N    ??(00000)::??
018352 0x0224F408 0x00000004 0x0224F3F8 0x00000024 0x00000000 new         N       N    ??(00000)::??
018369 0x0224F468 0x00000004 0x0224F458 0x00000024 0x00000000 new         N       N    ??(00000)::??
018385 0x0224F630 0x00000004 0x0224F620 0x00000024 0x00000000 new         N       N    ??(00000)::??
020280 0x0225FED0 0x00000004 0x0225FEC0 0x00000024 0x00000000 new         N       N    ??(00000)::??
020297 0x0225FF30 0x00000004 0x0225FF20 0x00000024 0x00000000 new         N       N    ??(00000)::??
