Build started 1/1/2013 7:30:16 PM.
     1>Project "C:\Users\rayond\Desktop\Spywarez\OpenGLApp - Copy\OpenGLApp\OpenGLApp.vcxproj" on node 2 (Rebuild target(s)).
     1>ClCompile:
         C:\Program Files (x86)\Microsoft Visual Studio 11.0\VC\bin\CL.exe /c /I"C:\Program Files\boost\boost_1_42" /ZI /nologo /W3 /WX- /Od /Oy- /D WIN32 /D _DEBUG /D _CONSOLE /D _UNICODE /D UNICODE /Gm /EHsc /RTC1 /MDd /GS /fp:precise /Zc:wchar_t /Zc:forScope /Fo"Debug\\" /Fd"Debug\vc110.pdb" /Gd /TP /analyze- /errorReport:prompt Color4f.cpp Renderer.cpp RenderList.cpp AnimatedSpriteRenderComponent.cpp ParticleSystemRenderComponent.cpp RenderComponent.cpp StaticSpriteRenderComponent.cpp ThinkComponent.cpp BasicAccelPlaneMovementComponent.cpp BasicAirplaneMovementComponent.cpp PlasmaParticleMovementComponent.cpp StraightPathMovementComponent.cpp CollisionComponent.cpp tinyxml\tinystr.cpp tinyxml\tinyxml.cpp tinyxml\tinyxmlerror.cpp tinyxml\tinyxmlparser.cpp Airplane.cpp Application.cpp b2BroadPhase.cpp b2DynamicTree.cpp Bullet.cpp Camera.cpp CollisionLogicComponent.cpp CollisionSubsystem.cpp ConfigFile.cpp Effect.cpp Entity.cpp EntityFactory.cpp Gun.cpp main.cpp mmgr.cpp Path.cpp PathMovementComponent.cpp Powerup.cpp SpawnThinkComponent.cpp Timer.cpp World.cpp
         World.cpp
         Timer.cpp
         SpawnThinkComponent.cpp
         Powerup.cpp
         PathMovementComponent.cpp
         Path.cpp
         mmgr.cpp
     1>c:\users\rayond\desktop\spywarez\openglapp - copy\openglapp\mmgr.cpp(264): warning C4996: 'vsprintf': This function or variable may be unsafe. Consider using vsprintf_s instead. To disable deprecation, use _CRT_SECURE_NO_WARNINGS. See online help for details.
                 c:\program files (x86)\microsoft visual studio 11.0\vc\include\stdio.h(357) : see declaration of 'vsprintf'
     1>c:\users\rayond\desktop\spywarez\openglapp - copy\openglapp\mmgr.cpp(269): warning C4996: 'fopen': This function or variable may be unsafe. Consider using fopen_s instead. To disable deprecation, use _CRT_SECURE_NO_WARNINGS. See online help for details.
                 c:\program files (x86)\microsoft visual studio 11.0\vc\include\stdio.h(218) : see declaration of 'fopen'
     1>c:\users\rayond\desktop\spywarez\openglapp - copy\openglapp\mmgr.cpp(289): warning C4996: 'unlink': The POSIX name for this item is deprecated. Instead, use the ISO C++ conformant name: _unlink. See online help for details.
                 c:\program files (x86)\microsoft visual studio 11.0\vc\include\stdio.h(285) : see declaration of 'unlink'
     1>c:\users\rayond\desktop\spywarez\openglapp - copy\openglapp\mmgr.cpp(297): warning C4996: 'asctime': This function or variable may be unsafe. Consider using asctime_s instead. To disable deprecation, use _CRT_SECURE_NO_WARNINGS. See online help for details.
                 c:\program files (x86)\microsoft visual studio 11.0\vc\include\time.h(153) : see declaration of 'asctime'
     1>c:\users\rayond\desktop\spywarez\openglapp - copy\openglapp\mmgr.cpp(297): warning C4996: 'localtime': This function or variable may be unsafe. Consider using localtime_s instead. To disable deprecation, use _CRT_SECURE_NO_WARNINGS. See online help for details.
                 c:\program files (x86)\microsoft visual studio 11.0\vc\include\time.inl(112) : see declaration of 'localtime'
     1>c:\users\rayond\desktop\spywarez\openglapp - copy\openglapp\mmgr.cpp(343): warning C4996: 'sprintf': This function or variable may be unsafe. Consider using sprintf_s instead. To disable deprecation, use _CRT_SECURE_NO_WARNINGS. See online help for details.
                 c:\program files (x86)\microsoft visual studio 11.0\vc\include\stdio.h(357) : see declaration of 'sprintf'
     1>c:\users\rayond\desktop\spywarez\openglapp - copy\openglapp\mmgr.cpp(354): warning C4996: 'sprintf': This function or variable may be unsafe. Consider using sprintf_s instead. To disable deprecation, use _CRT_SECURE_NO_WARNINGS. See online help for details.
                 c:\program files (x86)\microsoft visual studio 11.0\vc\include\stdio.h(357) : see declaration of 'sprintf'
     1>c:\users\rayond\desktop\spywarez\openglapp - copy\openglapp\mmgr.cpp(379): warning C4996: 'sprintf': This function or variable may be unsafe. Consider using sprintf_s instead. To disable deprecation, use _CRT_SECURE_NO_WARNINGS. See online help for details.
                 c:\program files (x86)\microsoft visual studio 11.0\vc\include\stdio.h(357) : see declaration of 'sprintf'
     1>c:\users\rayond\desktop\spywarez\openglapp - copy\openglapp\mmgr.cpp(380): warning C4996: 'sprintf': This function or variable may be unsafe. Consider using sprintf_s instead. To disable deprecation, use _CRT_SECURE_NO_WARNINGS. See online help for details.
                 c:\program files (x86)\microsoft visual studio 11.0\vc\include\stdio.h(357) : see declaration of 'sprintf'
     1>c:\users\rayond\desktop\spywarez\openglapp - copy\openglapp\mmgr.cpp(381): warning C4996: 'sprintf': This function or variable may be unsafe. Consider using sprintf_s instead. To disable deprecation, use _CRT_SECURE_NO_WARNINGS. See online help for details.
                 c:\program files (x86)\microsoft visual studio 11.0\vc\include\stdio.h(357) : see declaration of 'sprintf'
     1>c:\users\rayond\desktop\spywarez\openglapp - copy\openglapp\mmgr.cpp(532): warning C4996: 'fopen': This function or variable may be unsafe. Consider using fopen_s instead. To disable deprecation, use _CRT_SECURE_NO_WARNINGS. See online help for details.
                 c:\program files (x86)\microsoft visual studio 11.0\vc\include\stdio.h(218) : see declaration of 'fopen'
     1>c:\users\rayond\desktop\spywarez\openglapp - copy\openglapp\mmgr.cpp(546): warning C4996: 'localtime': This function or variable may be unsafe. Consider using localtime_s instead. To disable deprecation, use _CRT_SECURE_NO_WARNINGS. See online help for details.
                 c:\program files (x86)\microsoft visual studio 11.0\vc\include\time.inl(112) : see declaration of 'localtime'
     1>c:\users\rayond\desktop\spywarez\openglapp - copy\openglapp\mmgr.cpp(1123): warning C4996: 'strncpy': This function or variable may be unsafe. Consider using strncpy_s instead. To disable deprecation, use _CRT_SECURE_NO_WARNINGS. See online help for details.
                 c:\program files (x86)\microsoft visual studio 11.0\vc\include\string.h(191) : see declaration of 'strncpy'
     1>c:\users\rayond\desktop\spywarez\openglapp - copy\openglapp\mmgr.cpp(1124): warning C4996: 'strcpy': This function or variable may be unsafe. Consider using strcpy_s instead. To disable deprecation, use _CRT_SECURE_NO_WARNINGS. See online help for details.
                 c:\program files (x86)\microsoft visual studio 11.0\vc\include\string.h(110) : see declaration of 'strcpy'
     1>c:\users\rayond\desktop\spywarez\openglapp - copy\openglapp\mmgr.cpp(1125): warning C4996: 'strncpy': This function or variable may be unsafe. Consider using strncpy_s instead. To disable deprecation, use _CRT_SECURE_NO_WARNINGS. See online help for details.
                 c:\program files (x86)\microsoft visual studio 11.0\vc\include\string.h(191) : see declaration of 'strncpy'
     1>c:\users\rayond\desktop\spywarez\openglapp - copy\openglapp\mmgr.cpp(1126): warning C4996: 'strcpy': This function or variable may be unsafe. Consider using strcpy_s instead. To disable deprecation, use _CRT_SECURE_NO_WARNINGS. See online help for details.
                 c:\program files (x86)\microsoft visual studio 11.0\vc\include\string.h(110) : see declaration of 'strcpy'
     1>c:\users\rayond\desktop\spywarez\openglapp - copy\openglapp\mmgr.cpp(1320): warning C4996: 'strncpy': This function or variable may be unsafe. Consider using strncpy_s instead. To disable deprecation, use _CRT_SECURE_NO_WARNINGS. See online help for details.
                 c:\program files (x86)\microsoft visual studio 11.0\vc\include\string.h(191) : see declaration of 'strncpy'
     1>c:\users\rayond\desktop\spywarez\openglapp - copy\openglapp\mmgr.cpp(1321): warning C4996: 'strcpy': This function or variable may be unsafe. Consider using strcpy_s instead. To disable deprecation, use _CRT_SECURE_NO_WARNINGS. See online help for details.
                 c:\program files (x86)\microsoft visual studio 11.0\vc\include\string.h(110) : see declaration of 'strcpy'
     1>c:\users\rayond\desktop\spywarez\openglapp - copy\openglapp\mmgr.cpp(1322): warning C4996: 'strncpy': This function or variable may be unsafe. Consider using strncpy_s instead. To disable deprecation, use _CRT_SECURE_NO_WARNINGS. See online help for details.
                 c:\program files (x86)\microsoft visual studio 11.0\vc\include\string.h(191) : see declaration of 'strncpy'
     1>c:\users\rayond\desktop\spywarez\openglapp - copy\openglapp\mmgr.cpp(1323): warning C4996: 'strcpy': This function or variable may be unsafe. Consider using strcpy_s instead. To disable deprecation, use _CRT_SECURE_NO_WARNINGS. See online help for details.
                 c:\program files (x86)\microsoft visual studio 11.0\vc\include\string.h(110) : see declaration of 'strcpy'
     1>c:\users\rayond\desktop\spywarez\openglapp - copy\openglapp\mmgr.cpp(1683): warning C4996: 'fopen': This function or variable may be unsafe. Consider using fopen_s instead. To disable deprecation, use _CRT_SECURE_NO_WARNINGS. See online help for details.
                 c:\program files (x86)\microsoft visual studio 11.0\vc\include\stdio.h(218) : see declaration of 'fopen'
     1>c:\users\rayond\desktop\spywarez\openglapp - copy\openglapp\mmgr.cpp(1684): warning C4996: 'fopen': This function or variable may be unsafe. Consider using fopen_s instead. To disable deprecation, use _CRT_SECURE_NO_WARNINGS. See online help for details.
                 c:\program files (x86)\microsoft visual studio 11.0\vc\include\stdio.h(218) : see declaration of 'fopen'
     1>c:\users\rayond\desktop\spywarez\openglapp - copy\openglapp\mmgr.cpp(1696): warning C4996: 'localtime': This function or variable may be unsafe. Consider using localtime_s instead. To disable deprecation, use _CRT_SECURE_NO_WARNINGS. See online help for details.
                 c:\program files (x86)\microsoft visual studio 11.0\vc\include\time.inl(112) : see declaration of 'localtime'
         main.cpp
         Gun.cpp
         EntityFactory.cpp
         Entity.cpp
         Effect.cpp
         ConfigFile.cpp
         CollisionSubsystem.cpp
         CollisionLogicComponent.cpp
         Camera.cpp
         Bullet.cpp
         b2DynamicTree.cpp
         b2BroadPhase.cpp
         Application.cpp
         Generating Code...
         Compiling...
         Airplane.cpp
         tinyxmlparser.cpp
         tinyxmlerror.cpp
         tinyxml.cpp
         tinystr.cpp
         CollisionComponent.cpp
         StraightPathMovementComponent.cpp
         PlasmaParticleMovementComponent.cpp
         BasicAirplaneMovementComponent.cpp
         BasicAccelPlaneMovementComponent.cpp
         ThinkComponent.cpp
         StaticSpriteRenderComponent.cpp
         RenderComponent.cpp
         ParticleSystemRenderComponent.cpp
         AnimatedSpriteRenderComponent.cpp
         RenderList.cpp
         Renderer.cpp
         Color4f.cpp
         Generating Code...
       Link:
         C:\Program Files (x86)\Microsoft Visual Studio 11.0\VC\bin\link.exe /ERRORREPORT:PROMPT /OUT:"C:\Users\rayond\Desktop\Spywarez\OpenGLApp - Copy\Debug\OpenGLApp.exe" /INCREMENTAL /NOLOGO SOIL.lib glut32.lib kernel32.lib user32.lib gdi32.lib winspool.lib comdlg32.lib advapi32.lib shell32.lib ole32.lib oleaut32.lib uuid.lib odbc32.lib odbccp32.lib /MANIFEST /MANIFESTUAC:"level='asInvoker' uiAccess='false'" /manifest:embed /DEBUG /PDB:"C:\Users\rayond\Desktop\Spywarez\OpenGLApp - Copy\Debug\OpenGLApp.pdb" /SUBSYSTEM:CONSOLE /TLBID:1 /DYNAMICBASE /NXCOMPAT /IMPLIB:"C:\Users\rayond\Desktop\Spywarez\OpenGLApp - Copy\Debug\OpenGLApp.lib" /MACHINE:X86 /SAFESEH Debug\Color4f.obj
         Debug\Renderer.obj
         Debug\RenderList.obj
         Debug\AnimatedSpriteRenderComponent.obj
         Debug\ParticleSystemRenderComponent.obj
         Debug\RenderComponent.obj
         Debug\StaticSpriteRenderComponent.obj
         Debug\ThinkComponent.obj
         Debug\BasicAccelPlaneMovementComponent.obj
         Debug\BasicAirplaneMovementComponent.obj
         Debug\PlasmaParticleMovementComponent.obj
         Debug\StraightPathMovementComponent.obj
         Debug\CollisionComponent.obj
         Debug\tinystr.obj
         Debug\tinyxml.obj
         Debug\tinyxmlerror.obj
         Debug\tinyxmlparser.obj
         Debug\Airplane.obj
         Debug\Application.obj
         Debug\b2BroadPhase.obj
         Debug\b2DynamicTree.obj
         Debug\Bullet.obj
         Debug\Camera.obj
         Debug\CollisionLogicComponent.obj
         Debug\CollisionSubsystem.obj
         Debug\ConfigFile.obj
         Debug\Effect.obj
         Debug\Entity.obj
         Debug\EntityFactory.obj
         Debug\Gun.obj
         Debug\main.obj
         Debug\mmgr.obj
         Debug\Path.obj
         Debug\PathMovementComponent.obj
         Debug\Powerup.obj
         Debug\SpawnThinkComponent.obj
         Debug\Timer.obj
         Debug\World.obj
     1>Color4f.obj : warning LNK4075: ignoring '/EDITANDCONTINUE' due to '/SAFESEH' specification
     1>SOIL.lib(image_DXT.obj) : warning LNK4099: PDB 'vc90.pdb' was not found with 'SOIL.lib(image_DXT.obj)' or at 'C:\Users\rayond\Desktop\Spywarez\OpenGLApp - Copy\Debug\vc90.pdb'; linking object as if no debug info
     1>SOIL.lib(image_helper.obj) : warning LNK4099: PDB 'vc90.pdb' was not found with 'SOIL.lib(image_helper.obj)' or at 'C:\Users\rayond\Desktop\Spywarez\OpenGLApp - Copy\Debug\vc90.pdb'; linking object as if no debug info
     1>SOIL.lib(SOIL.obj) : warning LNK4099: PDB 'vc90.pdb' was not found with 'SOIL.lib(SOIL.obj)' or at 'C:\Users\rayond\Desktop\Spywarez\OpenGLApp - Copy\Debug\vc90.pdb'; linking object as if no debug info
     1>SOIL.lib(stb_image_aug.obj) : warning LNK4099: PDB 'vc90.pdb' was not found with 'SOIL.lib(stb_image_aug.obj)' or at 'C:\Users\rayond\Desktop\Spywarez\OpenGLApp - Copy\Debug\vc90.pdb'; linking object as if no debug info
         OpenGLApp.vcxproj -> C:\Users\rayond\Desktop\Spywarez\OpenGLApp - Copy\Debug\OpenGLApp.exe
     1>Done Building Project "C:\Users\rayond\Desktop\Spywarez\OpenGLApp - Copy\OpenGLApp\OpenGLApp.vcxproj" (Rebuild target(s)).

Build succeeded.

Time Elapsed 00:00:55.48
